<?xml version="1.0" encoding="UTF-8"?>
<!-- Generated by org.testng.reporters.JUnitXMLReporter -->
<testsuite ignored="0" hostname="HP" failures="1" tests="4" name="Test" time="52.46" errors="0" timestamp="2023-08-28T12:35:02 BST">
  <testcase classname="tests.FourthTest" name="testFoure" time="20.127">
    <failure type="java.lang.AssertionError" message="expected [true] but found [false]">
      <![CDATA[java.lang.AssertionError: expected [true] but found [false]
at tests.FourthTest.testFoure(FourthTest.java:28)
at java.base/java.util.ArrayList.forEach(ArrayList.java:1511)
... Removed 31 stack frames]]>
    </failure>
  </testcase> <!-- testFoure -->
  <testcase classname="tests.ThirdTest" name="testThree" time="8.335"/>
  <testcase classname="tests.LoginTest" name="login" time="6.131"/>
  <testcase classname="tests.SecTest" name="testTwo" time="10.857"/>
</testsuite> <!-- Test -->
